13/Mar/2021:01:03:11 733 [Calculator.java] [INFO] calculator.Calculator [Power - Input] - 2.0, 2.0
13/Mar/2021:01:03:11 754 [Calculator.java] [INFO] calculator.Calculator [Power - Output] - 4.0
13/Mar/2021:01:03:11 754 [Calculator.java] [INFO] calculator.Calculator [Power - Input] - 0.0, 0.0
13/Mar/2021:01:03:11 755 [Calculator.java] [INFO] calculator.Calculator [Power - Output] - 1.0
13/Mar/2021:01:03:11 756 [Calculator.java] [INFO] calculator.Calculator [Power - Input] - 10.0, 1.0
13/Mar/2021:01:03:11 757 [Calculator.java] [INFO] calculator.Calculator [Power - Output] - 10.0
13/Mar/2021:01:03:11 757 [Calculator.java] [INFO] calculator.Calculator [Power - Input] - -1.0, 0.0
13/Mar/2021:01:03:11 758 [Calculator.java] [INFO] calculator.Calculator [Power - Output] - 1.0
13/Mar/2021:01:03:11 761 [Calculator.java] [INFO] calculator.Calculator [Factorial - Input] - 5.0
13/Mar/2021:01:03:11 762 [Calculator.java] [INFO] calculator.Calculator [Factorial - Output] - 24.0
13/Mar/2021:01:03:11 777 [Calculator.java] [INFO] calculator.Calculator [Logarithm - Input] - 10.0
13/Mar/2021:01:03:11 778 [Calculator.java] [INFO] calculator.Calculator [Logarithm - Output] - 2.302585092994046
13/Mar/2021:01:03:11 782 [Calculator.java] [INFO] calculator.Calculator [Square_root - Input] - 4.0
13/Mar/2021:01:03:11 783 [Calculator.java] [INFO] calculator.Calculator [Square_root - Output] - 2.0
13/Mar/2021:01:03:11 784 [Calculator.java] [INFO] calculator.Calculator [Square_root - Input] - 9.0
13/Mar/2021:01:03:11 785 [Calculator.java] [INFO] calculator.Calculator [Square_root - Output] - 3.0
13/Mar/2021:01:12:51 786 [Calculator.java] [INFO] calculator.Calculator [Factorial - Input] - 5.0
13/Mar/2021:01:12:51 809 [Calculator.java] [INFO] calculator.Calculator [Factorial - Output] - 120.0
13/Mar/2021:01:12:51 811 [Calculator.java] [INFO] calculator.Calculator [Factorial - Input] - 0.0
13/Mar/2021:01:12:51 812 [Calculator.java] [INFO] calculator.Calculator [Factorial - Output] - 1.0
13/Mar/2021:01:12:51 815 [Calculator.java] [INFO] calculator.Calculator [Power - Input] - 2.0, 2.0
13/Mar/2021:01:12:51 817 [Calculator.java] [INFO] calculator.Calculator [Power - Output] - 4.0
13/Mar/2021:01:12:51 817 [Calculator.java] [INFO] calculator.Calculator [Power - Input] - 0.0, 0.0
13/Mar/2021:01:12:51 818 [Calculator.java] [INFO] calculator.Calculator [Power - Output] - 1.0
13/Mar/2021:01:12:51 819 [Calculator.java] [INFO] calculator.Calculator [Power - Input] - 10.0, 1.0
13/Mar/2021:01:12:51 819 [Calculator.java] [INFO] calculator.Calculator [Power - Output] - 10.0
13/Mar/2021:01:12:51 820 [Calculator.java] [INFO] calculator.Calculator [Power - Input] - -1.0, 0.0
13/Mar/2021:01:12:51 821 [Calculator.java] [INFO] calculator.Calculator [Power - Output] - 1.0
13/Mar/2021:01:12:51 824 [Calculator.java] [INFO] calculator.Calculator [Square_root - Input] - 4.0
13/Mar/2021:01:12:51 825 [Calculator.java] [INFO] calculator.Calculator [Square_root - Output] - 2.0
13/Mar/2021:01:12:51 826 [Calculator.java] [INFO] calculator.Calculator [Square_root - Input] - 9.0
13/Mar/2021:01:12:51 826 [Calculator.java] [INFO] calculator.Calculator [Square_root - Output] - 3.0
13/Mar/2021:01:30:14 406 [Calculator.java] [INFO] calculator.Calculator [Factorial - Input] - 5.0
13/Mar/2021:01:30:14 418 [Calculator.java] [INFO] calculator.Calculator [Factorial - Output] - 120.0
13/Mar/2021:01:30:14 419 [Calculator.java] [INFO] calculator.Calculator [Factorial - Input] - 0.0
13/Mar/2021:01:30:14 419 [Calculator.java] [INFO] calculator.Calculator [Factorial - Output] - 1.0
13/Mar/2021:01:30:14 422 [Calculator.java] [INFO] calculator.Calculator [Power - Input] - 2.0, 2.0
13/Mar/2021:01:30:14 423 [Calculator.java] [INFO] calculator.Calculator [Power - Output] - 4.0
13/Mar/2021:01:30:14 424 [Calculator.java] [INFO] calculator.Calculator [Power - Input] - 0.0, 0.0
13/Mar/2021:01:30:14 425 [Calculator.java] [INFO] calculator.Calculator [Power - Output] - 1.0
13/Mar/2021:01:30:14 426 [Calculator.java] [INFO] calculator.Calculator [Power - Input] - 10.0, 1.0
13/Mar/2021:01:30:14 427 [Calculator.java] [INFO] calculator.Calculator [Power - Output] - 10.0
13/Mar/2021:01:30:14 427 [Calculator.java] [INFO] calculator.Calculator [Power - Input] - -1.0, 0.0
13/Mar/2021:01:30:14 428 [Calculator.java] [INFO] calculator.Calculator [Power - Output] - 1.0
13/Mar/2021:01:30:14 430 [Calculator.java] [INFO] calculator.Calculator [Square_root - Input] - 4.0
13/Mar/2021:01:30:14 431 [Calculator.java] [INFO] calculator.Calculator [Square_root - Output] - 2.0
13/Mar/2021:01:30:14 432 [Calculator.java] [INFO] calculator.Calculator [Square_root - Input] - 9.0
13/Mar/2021:01:30:14 433 [Calculator.java] [INFO] calculator.Calculator [Square_root - Output] - 3.0
13/Mar/2021:02:02:08 401 [Calculator.java] [INFO] calculator.Calculator [Factorial - Input] - 5.0
13/Mar/2021:02:02:08 413 [Calculator.java] [INFO] calculator.Calculator [Factorial - Output] - 120.0
13/Mar/2021:02:02:08 414 [Calculator.java] [INFO] calculator.Calculator [Factorial - Input] - 0.0
13/Mar/2021:02:02:08 414 [Calculator.java] [INFO] calculator.Calculator [Factorial - Output] - 1.0
13/Mar/2021:02:02:08 417 [Calculator.java] [INFO] calculator.Calculator [Power - Input] - 2.0, 2.0
13/Mar/2021:02:02:08 418 [Calculator.java] [INFO] calculator.Calculator [Power - Output] - 4.0
13/Mar/2021:02:02:08 419 [Calculator.java] [INFO] calculator.Calculator [Power - Input] - 0.0, 0.0
13/Mar/2021:02:02:08 420 [Calculator.java] [INFO] calculator.Calculator [Power - Output] - 1.0
13/Mar/2021:02:02:08 421 [Calculator.java] [INFO] calculator.Calculator [Power - Input] - 10.0, 1.0
13/Mar/2021:02:02:08 422 [Calculator.java] [INFO] calculator.Calculator [Power - Output] - 10.0
13/Mar/2021:02:02:08 422 [Calculator.java] [INFO] calculator.Calculator [Power - Input] - -1.0, 0.0
13/Mar/2021:02:02:08 423 [Calculator.java] [INFO] calculator.Calculator [Power - Output] - 1.0
13/Mar/2021:02:02:08 425 [Calculator.java] [INFO] calculator.Calculator [Square_root - Input] - 4.0
13/Mar/2021:02:02:08 426 [Calculator.java] [INFO] calculator.Calculator [Square_root - Output] - 2.0
13/Mar/2021:02:02:08 426 [Calculator.java] [INFO] calculator.Calculator [Square_root - Input] - 9.0
13/Mar/2021:02:02:08 427 [Calculator.java] [INFO] calculator.Calculator [Square_root - Output] - 3.0
13/Mar/2021:12:55:23 336 [Calculator.java] [INFO] calculator.Calculator [Square_root - Input] - 36.0
13/Mar/2021:12:55:23 353 [Calculator.java] [INFO] calculator.Calculator [Square_root - Output] - 6.0
13/Mar/2021:12:55:23 369 [Calculator.java] [INFO] calculator.Calculator [Factorial - Input] - 5.0
13/Mar/2021:12:55:23 370 [Calculator.java] [INFO] calculator.Calculator [Factorial - Output] - 120.0
13/Mar/2021:12:55:23 371 [Calculator.java] [INFO] calculator.Calculator [Factorial - Input] - 0.0
13/Mar/2021:12:55:23 372 [Calculator.java] [INFO] calculator.Calculator [Factorial - Output] - 1.0
13/Mar/2021:12:55:23 374 [Calculator.java] [INFO] calculator.Calculator [Power - Input] - 2.0, 2.0
13/Mar/2021:12:55:23 375 [Calculator.java] [INFO] calculator.Calculator [Power - Output] - 4.0
13/Mar/2021:12:55:23 376 [Calculator.java] [INFO] calculator.Calculator [Power - Input] - 0.0, 0.0
13/Mar/2021:12:55:23 377 [Calculator.java] [INFO] calculator.Calculator [Power - Output] - 1.0
13/Mar/2021:12:55:23 378 [Calculator.java] [INFO] calculator.Calculator [Power - Input] - 10.0, 1.0
13/Mar/2021:12:55:23 379 [Calculator.java] [INFO] calculator.Calculator [Power - Output] - 10.0
13/Mar/2021:12:55:23 380 [Calculator.java] [INFO] calculator.Calculator [Power - Input] - -1.0, 0.0
13/Mar/2021:12:55:23 380 [Calculator.java] [INFO] calculator.Calculator [Power - Output] - 1.0
13/Mar/2021:12:55:23 383 [Calculator.java] [INFO] calculator.Calculator [Square_root - Input] - 4.0
13/Mar/2021:12:55:23 384 [Calculator.java] [INFO] calculator.Calculator [Square_root - Output] - 2.0
13/Mar/2021:12:55:23 384 [Calculator.java] [INFO] calculator.Calculator [Square_root - Input] - 9.0
13/Mar/2021:12:55:23 385 [Calculator.java] [INFO] calculator.Calculator [Square_root - Output] - 3.0
17/Mar/2021:22:15:17 080 [Calculator.java] [INFO] calculator.Calculator [Square_root - Input] - 36.0
17/Mar/2021:22:15:17 092 [Calculator.java] [INFO] calculator.Calculator [Square_root - Output] - 6.0
17/Mar/2021:22:15:17 108 [Calculator.java] [INFO] calculator.Calculator [Factorial - Input] - 5.0
17/Mar/2021:22:15:17 109 [Calculator.java] [INFO] calculator.Calculator [Factorial - Output] - 120.0
17/Mar/2021:22:15:17 110 [Calculator.java] [INFO] calculator.Calculator [Factorial - Input] - 0.0
17/Mar/2021:22:15:17 111 [Calculator.java] [INFO] calculator.Calculator [Factorial - Output] - 1.0
17/Mar/2021:22:15:17 113 [Calculator.java] [INFO] calculator.Calculator [Power - Input] - 2.0, 2.0
17/Mar/2021:22:15:17 114 [Calculator.java] [INFO] calculator.Calculator [Power - Output] - 4.0
17/Mar/2021:22:15:17 115 [Calculator.java] [INFO] calculator.Calculator [Power - Input] - 0.0, 0.0
17/Mar/2021:22:15:17 115 [Calculator.java] [INFO] calculator.Calculator [Power - Output] - 1.0
17/Mar/2021:22:15:17 116 [Calculator.java] [INFO] calculator.Calculator [Power - Input] - 10.0, 1.0
17/Mar/2021:22:15:17 117 [Calculator.java] [INFO] calculator.Calculator [Power - Output] - 10.0
17/Mar/2021:22:15:17 118 [Calculator.java] [INFO] calculator.Calculator [Power - Input] - -1.0, 0.0
17/Mar/2021:22:15:17 118 [Calculator.java] [INFO] calculator.Calculator [Power - Output] - 1.0
17/Mar/2021:22:15:17 120 [Calculator.java] [INFO] calculator.Calculator [Square_root - Input] - 4.0
17/Mar/2021:22:15:17 121 [Calculator.java] [INFO] calculator.Calculator [Square_root - Output] - 2.0
17/Mar/2021:22:15:17 122 [Calculator.java] [INFO] calculator.Calculator [Square_root - Input] - 9.0
17/Mar/2021:22:15:17 123 [Calculator.java] [INFO] calculator.Calculator [Square_root - Output] - 3.0
17/Mar/2021:22:23:38 830 [Calculator.java] [INFO] calculator.Calculator [Factorial - Input] - 3.0
17/Mar/2021:22:23:38 849 [Calculator.java] [INFO] calculator.Calculator [Factorial - Output] - 6.0
17/Mar/2021:22:23:38 850 [Calculator.java] [INFO] calculator.Calculator [Factorial - Input] - 5.0
17/Mar/2021:22:23:38 851 [Calculator.java] [INFO] calculator.Calculator [Factorial - Output] - 120.0
17/Mar/2021:22:23:38 854 [Calculator.java] [INFO] calculator.Calculator [Square_root - Input] - 9.0
17/Mar/2021:22:23:38 855 [Calculator.java] [INFO] calculator.Calculator [Square_root - Output] - 3.0
17/Mar/2021:22:23:38 856 [Calculator.java] [INFO] calculator.Calculator [Square_root - Input] - 16.0
17/Mar/2021:22:23:38 857 [Calculator.java] [INFO] calculator.Calculator [Square_root - Output] - 4.0
17/Mar/2021:22:23:38 858 [Calculator.java] [INFO] calculator.Calculator [Square_root - Input] - -10.0
17/Mar/2021:22:23:38 858 [Calculator.java] [INFO] calculator.Calculator [Square_root - Output] - 0.0
17/Mar/2021:22:23:38 904 [Calculator.java] [INFO] calculator.Calculator [Logarithm - Input] - 17.0
17/Mar/2021:22:23:38 905 [Calculator.java] [INFO] calculator.Calculator [Logarithm - Output] - 2.833213344056216
17/Mar/2021:22:23:38 906 [Calculator.java] [INFO] calculator.Calculator [Logarithm - Input] - 6.0
17/Mar/2021:22:23:38 906 [Calculator.java] [INFO] calculator.Calculator [Logarithm - Output] - 1.791759469228055
17/Mar/2021:22:23:38 907 [Calculator.java] [INFO] calculator.Calculator [Logarithm - Input] - 0.0
17/Mar/2021:22:23:38 908 [Calculator.java] [INFO] calculator.Calculator [Logarithm - Output] - -Infinity
17/Mar/2021:22:23:38 912 [Calculator.java] [INFO] calculator.Calculator [Square_root - Input] - 10.0
17/Mar/2021:22:23:38 913 [Calculator.java] [INFO] calculator.Calculator [Square_root - Output] - 3.1622776601683795
17/Mar/2021:22:23:38 913 [Calculator.java] [INFO] calculator.Calculator [Square_root - Input] - 16.0
17/Mar/2021:22:23:38 914 [Calculator.java] [INFO] calculator.Calculator [Square_root - Output] - 4.0
17/Mar/2021:22:23:38 915 [Calculator.java] [INFO] calculator.Calculator [Square_root - Input] - -16.0
17/Mar/2021:22:23:38 915 [Calculator.java] [INFO] calculator.Calculator [Square_root - Output] - 0.0
17/Mar/2021:22:23:38 917 [Calculator.java] [INFO] calculator.Calculator [Logarithm - Input] - 14.0
17/Mar/2021:22:23:38 917 [Calculator.java] [INFO] calculator.Calculator [Logarithm - Output] - 2.6390573296152584
17/Mar/2021:22:23:38 918 [Calculator.java] [INFO] calculator.Calculator [Logarithm - Input] - 9.0
17/Mar/2021:22:23:38 919 [Calculator.java] [INFO] calculator.Calculator [Logarithm - Output] - 2.1972245773362196
17/Mar/2021:22:23:38 920 [Calculator.java] [INFO] calculator.Calculator [Logarithm - Input] - 0.0
17/Mar/2021:22:23:38 920 [Calculator.java] [INFO] calculator.Calculator [Logarithm - Output] - -Infinity
17/Mar/2021:22:23:38 922 [Calculator.java] [INFO] calculator.Calculator [Factorial - Input] - 3.0
17/Mar/2021:22:23:38 923 [Calculator.java] [INFO] calculator.Calculator [Factorial - Output] - 6.0
17/Mar/2021:22:23:38 923 [Calculator.java] [INFO] calculator.Calculator [Factorial - Input] - 5.0
17/Mar/2021:22:23:38 924 [Calculator.java] [INFO] calculator.Calculator [Factorial - Output] - 120.0
17/Mar/2021:22:23:38 926 [Calculator.java] [INFO] calculator.Calculator [Power - Input] - 2.0, 3.0
17/Mar/2021:22:23:38 926 [Calculator.java] [INFO] calculator.Calculator [Power - Output] - 8.0
17/Mar/2021:22:23:38 927 [Calculator.java] [INFO] calculator.Calculator [Power - Input] - 3.0, 3.0
17/Mar/2021:22:23:38 928 [Calculator.java] [INFO] calculator.Calculator [Power - Output] - 27.0
17/Mar/2021:22:23:38 929 [Calculator.java] [INFO] calculator.Calculator [Power - Input] - 2.0, 2.0
17/Mar/2021:22:23:38 930 [Calculator.java] [INFO] calculator.Calculator [Power - Output] - 4.0
17/Mar/2021:22:23:38 930 [Calculator.java] [INFO] calculator.Calculator [Power - Input] - 3.0, 3.0
17/Mar/2021:22:23:38 931 [Calculator.java] [INFO] calculator.Calculator [Power - Output] - 27.0
17/Mar/2021:22:31:05 415 [Calculator.java] [INFO] calculator.Calculator Result of factorial is: 6.0
17/Mar/2021:22:31:05 426 [Calculator.java] [INFO] calculator.Calculator Result of factorial is: 120.0
17/Mar/2021:22:31:05 429 [Calculator.java] [INFO] calculator.Calculator Calculating Square root  of number 9.0
17/Mar/2021:22:31:05 430 [Calculator.java] [INFO] calculator.Calculator Result of squareRoot is : 3.0
17/Mar/2021:22:31:05 431 [Calculator.java] [INFO] calculator.Calculator Calculating Square root  of number 16.0
17/Mar/2021:22:31:05 432 [Calculator.java] [INFO] calculator.Calculator Result of squareRoot is : 4.0
17/Mar/2021:22:31:05 433 [Calculator.java] [INFO] calculator.Calculator Calculating Square root  of number -10.0
17/Mar/2021:22:31:05 434 [Calculator.java] [ERROR] calculator.Calculator Number cannot be negative Case of NaN squareRoot of < 0
17/Mar/2021:22:31:05 434 [Calculator.java] [INFO] calculator.Calculator Result of squareRoot is : NaN
17/Mar/2021:22:31:05 436 [Calculator.java] [INFO] calculator.Calculator Calculating Natural log of 17.0
17/Mar/2021:22:31:05 437 [Calculator.java] [INFO] calculator.Calculator Result of naturalLog is : 2.833213344056216
17/Mar/2021:22:31:05 438 [Calculator.java] [INFO] calculator.Calculator Calculating Natural log of 6.0
17/Mar/2021:22:31:05 439 [Calculator.java] [INFO] calculator.Calculator Result of naturalLog is : 1.791759469228055
17/Mar/2021:22:31:05 439 [Calculator.java] [INFO] calculator.Calculator Calculating Natural log of 0.0
17/Mar/2021:22:31:05 440 [Calculator.java] [ERROR] calculator.Calculator Number cannot be negative Case of NaN log of <= 0
17/Mar/2021:22:31:05 441 [Calculator.java] [INFO] calculator.Calculator Result of naturalLog is : NaN
17/Mar/2021:22:31:05 443 [Calculator.java] [INFO] calculator.Calculator Calculating Square root  of number 10.0
17/Mar/2021:22:31:05 444 [Calculator.java] [INFO] calculator.Calculator Result of squareRoot is : 3.1622776601683795
17/Mar/2021:22:31:05 444 [Calculator.java] [INFO] calculator.Calculator Calculating Square root  of number 16.0
17/Mar/2021:22:31:05 445 [Calculator.java] [INFO] calculator.Calculator Result of squareRoot is : 4.0
17/Mar/2021:22:31:05 445 [Calculator.java] [INFO] calculator.Calculator Calculating Square root  of number -16.0
17/Mar/2021:22:31:05 446 [Calculator.java] [ERROR] calculator.Calculator Number cannot be negative Case of NaN squareRoot of < 0
17/Mar/2021:22:31:05 447 [Calculator.java] [INFO] calculator.Calculator Result of squareRoot is : NaN
17/Mar/2021:22:31:05 448 [Calculator.java] [INFO] calculator.Calculator Calculating Natural log of 14.0
17/Mar/2021:22:31:05 449 [Calculator.java] [INFO] calculator.Calculator Result of naturalLog is : 2.6390573296152584
17/Mar/2021:22:31:05 450 [Calculator.java] [INFO] calculator.Calculator Calculating Natural log of 9.0
17/Mar/2021:22:31:05 450 [Calculator.java] [INFO] calculator.Calculator Result of naturalLog is : 2.1972245773362196
17/Mar/2021:22:31:05 451 [Calculator.java] [INFO] calculator.Calculator Calculating Natural log of 0.0
17/Mar/2021:22:31:05 451 [Calculator.java] [ERROR] calculator.Calculator Number cannot be negative Case of NaN log of <= 0
17/Mar/2021:22:31:05 452 [Calculator.java] [INFO] calculator.Calculator Result of naturalLog is : NaN
17/Mar/2021:22:31:05 454 [Calculator.java] [INFO] calculator.Calculator Result of factorial is: 6.0
17/Mar/2021:22:31:05 455 [Calculator.java] [INFO] calculator.Calculator Result of factorial is: 120.0
17/Mar/2021:22:31:05 457 [Calculator.java] [INFO] calculator.Calculator Calculating Power  of two numbers 2.0 and 3.0
17/Mar/2021:22:31:05 457 [Calculator.java] [INFO] calculator.Calculator Result of power is : 8.0
17/Mar/2021:22:31:05 458 [Calculator.java] [INFO] calculator.Calculator Calculating Power  of two numbers 3.0 and 3.0
17/Mar/2021:22:31:05 459 [Calculator.java] [INFO] calculator.Calculator Result of power is : 27.0
17/Mar/2021:22:31:05 460 [Calculator.java] [INFO] calculator.Calculator Calculating Power  of two numbers 2.0 and 2.0
17/Mar/2021:22:31:05 461 [Calculator.java] [INFO] calculator.Calculator Result of power is : 4.0
17/Mar/2021:22:31:05 462 [Calculator.java] [INFO] calculator.Calculator Calculating Power  of two numbers 3.0 and 3.0
17/Mar/2021:22:31:05 463 [Calculator.java] [INFO] calculator.Calculator Result of power is : 27.0
